# JRE version: OpenJDK Runtime Environment (10.0.1+10) (build 10.0.1+10-Ubuntu-3ubuntu1)
# Java VM: OpenJDK 64-Bit Server VM (10.0.1+10-Ubuntu-3ubuntu1, mixed mode, tiered, compressed oops, serial gc, linux-amd64)
Heap:
 def new generation   total 9728K, used 6829K [0x00000000ea000000, 0x00000000eaa80000, 0x00000000f1550000)
  eden space 8704K,  78% used [0x00000000ea000000, 0x00000000ea6ab4c0, 0x00000000ea880000)
  from space 1024K,   0% used [0x00000000ea880000, 0x00000000ea880000, 0x00000000ea980000)
  to   space 1024K,   0% used [0x00000000ea980000, 0x00000000ea980000, 0x00000000eaa80000)
 tenured generation   total 21244K, used 12746K [0x00000000f1550000, 0x00000000f2a0f000, 0x0000000100000000)
   the space 21244K,  59% used [0x00000000f1550000, 0x00000000f21c28e0, 0x00000000f21c2a00, 0x00000000f2a0f000)
 Metaspace       used 33103K, capacity 33752K, committed 34304K, reserved 1079296K
  class space    used 3411K, capacity 3726K, committed 3840K, reserved 1048576K
GC Heap History (10 events):
Event: 21,107 GC heap before
{Heap before GC invocations=6 (full 1):
 def new generation   total 6848K, used 6599K [0x00000000ea000000, 0x00000000ea760000, 0x00000000f1550000)
  eden space 6144K, 100% used [0x00000000ea000000, 0x00000000ea600000, 0x00000000ea600000)
  from space 704K,  64% used [0x00000000ea600000, 0x00000000ea671d68, 0x00000000ea6b0000)
  to   space 704K,   0% used [0x00000000ea6b0000, 0x00000000ea6b0000, 0x00000000ea760000)
 tenured generation   total 15040K, used 7434K [0x00000000f1550000, 0x00000000f2400000, 0x0000000100000000)
   the space 15040K,  49% used [0x00000000f1550000, 0x00000000f1c928c0, 0x00000000f1c92a00, 0x00000000f2400000)
 Metaspace       used 29041K, capacity 29645K, committed 29952K, reserved 1075200K
  class space    used 2983K, capacity 3302K, committed 3328K, reserved 1048576K
}
Event: 21,114 GC heap after
{Heap after GC invocations=7 (full 1):
 def new generation   total 6848K, used 408K [0x00000000ea000000, 0x00000000ea760000, 0x00000000f1550000)
  eden space 6144K,   0% used [0x00000000ea000000, 0x00000000ea000000, 0x00000000ea600000)
  from space 704K,  58% used [0x00000000ea6b0000, 0x00000000ea7163f0, 0x00000000ea760000)
  to   space 704K,   0% used [0x00000000ea600000, 0x00000000ea600000, 0x00000000ea6b0000)
 tenured generation   total 15040K, used 7846K [0x00000000f1550000, 0x00000000f2400000, 0x0000000100000000)
   the space 15040K,  52% used [0x00000000f1550000, 0x00000000f1cf9848, 0x00000000f1cf9a00, 0x00000000f2400000)
 Metaspace       used 29041K, capacity 29645K, committed 29952K, reserved 1075200K
  class space    used 2983K, capacity 3302K, committed 3328K, reserved 1048576K
}
Event: 22,514 GC heap before
{Heap before GC invocations=7 (full 1):
 def new generation   total 6848K, used 6552K [0x00000000ea000000, 0x00000000ea760000, 0x00000000f1550000)
  eden space 6144K, 100% used [0x00000000ea000000, 0x00000000ea600000, 0x00000000ea600000)
  from space 704K,  58% used [0x00000000ea6b0000, 0x00000000ea7163f0, 0x00000000ea760000)
  to   space 704K,   0% used [0x00000000ea600000, 0x00000000ea600000, 0x00000000ea6b0000)
 tenured generation   total 15040K, used 7846K [0x00000000f1550000, 0x00000000f2400000, 0x0000000100000000)
   the space 15040K,  52% used [0x00000000f1550000, 0x00000000f1cf9848, 0x00000000f1cf9a00, 0x00000000f2400000)
 Metaspace       used 30960K, capacity 31604K, committed 32000K, reserved 1077248K
  class space    used 3193K, capacity 3528K, committed 3584K, reserved 1048576K
}
Event: 22,533 GC heap after
{Heap after GC invocations=8 (full 1):
 def new generation   total 6848K, used 496K [0x00000000ea000000, 0x00000000ea760000, 0x00000000f1550000)
  eden space 6144K,   0% used [0x00000000ea000000, 0x00000000ea000000, 0x00000000ea600000)
  from space 704K,  70% used [0x00000000ea600000, 0x00000000ea67c0c8, 0x00000000ea6b0000)
  to   space 704K,   0% used [0x00000000ea6b0000, 0x00000000ea6b0000, 0x00000000ea760000)
 tenured generation   total 15040K, used 8178K [0x00000000f1550000, 0x00000000f2400000, 0x0000000100000000)
   the space 15040K,  54% used [0x00000000f1550000, 0x00000000f1d4cb80, 0x00000000f1d4cc00, 0x00000000f2400000)
 Metaspace       used 30960K, capacity 31604K, committed 32000K, reserved 1077248K
  class space    used 3193K, capacity 3528K, committed 3584K, reserved 1048576K
}
Event: 23,190 GC heap before
{Heap before GC invocations=8 (full 1):
 def new generation   total 6848K, used 6253K [0x00000000ea000000, 0x00000000ea760000, 0x00000000f1550000)
  eden space 6144K,  93% used [0x00000000ea000000, 0x00000000ea59f6a8, 0x00000000ea600000)
  from space 704K,  70% used [0x00000000ea600000, 0x00000000ea67c0c8, 0x00000000ea6b0000)
  to   space 704K,   0% used [0x00000000ea6b0000, 0x00000000ea6b0000, 0x00000000ea760000)
 tenured generation   total 15040K, used 8178K [0x00000000f1550000, 0x00000000f2400000, 0x0000000100000000)
   the space 15040K,  54% used [0x00000000f1550000, 0x00000000f1d4cb80, 0x00000000f1d4cc00, 0x00000000f2400000)
 Metaspace       used 32478K, capacity 33106K, committed 33408K, reserved 1079296K
  class space    used 3359K, capacity 3661K, committed 3712K, reserved 1048576K
}
Event: 23,210 GC heap after
{Heap after GC invocations=9 (full 1):
 def new generation   total 6848K, used 704K [0x00000000ea000000, 0x00000000ea760000, 0x00000000f1550000)
  eden space 6144K,   0% used [0x00000000ea000000, 0x00000000ea000000, 0x00000000ea600000)
  from space 704K, 100% used [0x00000000ea6b0000, 0x00000000ea760000, 0x00000000ea760000)
  to   space 704K,   0% used [0x00000000ea600000, 0x00000000ea600000, 0x00000000ea6b0000)
 tenured generation   total 15040K, used 8649K [0x00000000f1550000, 0x00000000f2400000, 0x0000000100000000)
   the space 15040K,  57% used [0x00000000f1550000, 0x00000000f1dc2588, 0x00000000f1dc2600, 0x00000000f2400000)
 Metaspace       used 32478K, capacity 33106K, committed 33408K, reserved 1079296K
  class space    used 3359K, capacity 3661K, committed 3712K, reserved 1048576K
}
Event: 23,470 GC heap before
{Heap before GC invocations=9 (full 1):
 def new generation   total 6848K, used 6848K [0x00000000ea000000, 0x00000000ea760000, 0x00000000f1550000)
  eden space 6144K, 100% used [0x00000000ea000000, 0x00000000ea600000, 0x00000000ea600000)
  from space 704K, 100% used [0x00000000ea6b0000, 0x00000000ea760000, 0x00000000ea760000)
  to   space 704K,   0% used [0x00000000ea600000, 0x00000000ea600000, 0x00000000ea6b0000)
 tenured generation   total 15040K, used 8649K [0x00000000f1550000, 0x00000000f2400000, 0x0000000100000000)
   the space 15040K,  57% used [0x00000000f1550000, 0x00000000f1dc2588, 0x00000000f1dc2600, 0x00000000f2400000)
 Metaspace       used 32501K, capacity 33106K, committed 33408K, reserved 1079296K
  class space    used 3359K, capacity 3661K, committed 3712K, reserved 1048576K
}
Event: 23,480 GC heap after
{Heap after GC invocations=10 (full 1):
 def new generation   total 6848K, used 454K [0x00000000ea000000, 0x00000000ea760000, 0x00000000f1550000)
  eden space 6144K,   0% used [0x00000000ea000000, 0x00000000ea000000, 0x00000000ea600000)
  from space 704K,  64% used [0x00000000ea600000, 0x00000000ea671af8, 0x00000000ea6b0000)
  to   space 704K,   0% used [0x00000000ea6b0000, 0x00000000ea6b0000, 0x00000000ea760000)
 tenured generation   total 15040K, used 12424K [0x00000000f1550000, 0x00000000f2400000, 0x0000000100000000)
   the space 15040K,  82% used [0x00000000f1550000, 0x00000000f21722c0, 0x00000000f2172400, 0x00000000f2400000)
 Metaspace       used 32501K, capacity 33106K, committed 33408K, reserved 1079296K
  class space    used 3359K, capacity 3661K, committed 3712K, reserved 1048576K
}
Event: 23,584 GC heap before
{Heap before GC invocations=10 (full 1):
 def new generation   total 6848K, used 6598K [0x00000000ea000000, 0x00000000ea760000, 0x00000000f1550000)
  eden space 6144K, 100% used [0x00000000ea000000, 0x00000000ea600000, 0x00000000ea600000)
  from space 704K,  64% used [0x00000000ea600000, 0x00000000ea671af8, 0x00000000ea6b0000)
  to   space 704K,   0% used [0x00000000ea6b0000, 0x00000000ea6b0000, 0x00000000ea760000)
 tenured generation   total 15040K, used 12424K [0x00000000f1550000, 0x00000000f2400000, 0x0000000100000000)
   the space 15040K,  82% used [0x00000000f1550000, 0x00000000f21722c0, 0x00000000f2172400, 0x00000000f2400000)
 Metaspace       used 32592K, capacity 33202K, committed 33664K, reserved 1079296K
  class space    used 3367K, capacity 3693K, committed 3712K, reserved 1048576K
}
Event: 23,678 GC heap after
{Heap after GC invocations=11 (full 2):
 def new generation   total 9728K, used 0K [0x00000000ea000000, 0x00000000eaa80000, 0x00000000f1550000)
  eden space 8704K,   0% used [0x00000000ea000000, 0x00000000ea000000, 0x00000000ea880000)
  from space 1024K,   0% used [0x00000000ea880000, 0x00000000ea880000, 0x00000000ea980000)
  to   space 1024K,   0% used [0x00000000ea980000, 0x00000000ea980000, 0x00000000eaa80000)
 tenured generation   total 21244K, used 12746K [0x00000000f1550000, 0x00000000f2a0f000, 0x0000000100000000)
   the space 21244K,  59% used [0x00000000f1550000, 0x00000000f21c28e0, 0x00000000f21c2a00, 0x00000000f2a0f000)
 Metaspace       used 32592K, capacity 33202K, committed 33664K, reserved 1079296K
  class space    used 3367K, capacity 3693K, committed 3712K, reserved 1048576K
}

