# JRE version: OpenJDK Runtime Environment (10.0.1+10) (build 10.0.1+10-Ubuntu-3ubuntu1)
# Java VM: OpenJDK 64-Bit Server VM (10.0.1+10-Ubuntu-3ubuntu1, mixed mode, tiered, compressed oops, serial gc, linux-amd64)
Heap:
 def new generation   total 9792K, used 7420K [0x00000000ea000000, 0x00000000eaaa0000, 0x00000000f1550000)
  eden space 8704K,  85% used [0x00000000ea000000, 0x00000000ea73f070, 0x00000000ea880000)
  from space 1088K,   0% used [0x00000000ea880000, 0x00000000ea880000, 0x00000000ea990000)
  to   space 1088K,   0% used [0x00000000ea990000, 0x00000000ea990000, 0x00000000eaaa0000)
 tenured generation   total 21504K, used 12900K [0x00000000f1550000, 0x00000000f2a50000, 0x0000000100000000)
   the space 21504K,  59% used [0x00000000f1550000, 0x00000000f21e92b0, 0x00000000f21e9400, 0x00000000f2a50000)
 Metaspace       used 33188K, capacity 33864K, committed 34176K, reserved 1079296K
  class space    used 3397K, capacity 3695K, committed 3712K, reserved 1048576K
GC Heap History (10 events):
Event: 8,822 GC heap before
{Heap before GC invocations=6 (full 1):
 def new generation   total 6848K, used 6592K [0x00000000ea000000, 0x00000000ea760000, 0x00000000f1550000)
  eden space 6144K, 100% used [0x00000000ea000000, 0x00000000ea600000, 0x00000000ea600000)
  from space 704K,  63% used [0x00000000ea600000, 0x00000000ea670130, 0x00000000ea6b0000)
  to   space 704K,   0% used [0x00000000ea6b0000, 0x00000000ea6b0000, 0x00000000ea760000)
 tenured generation   total 15040K, used 7494K [0x00000000f1550000, 0x00000000f2400000, 0x0000000100000000)
   the space 15040K,  49% used [0x00000000f1550000, 0x00000000f1ca1950, 0x00000000f1ca1a00, 0x00000000f2400000)
 Metaspace       used 29206K, capacity 29814K, committed 30336K, reserved 1077248K
  class space    used 3030K, capacity 3334K, committed 3456K, reserved 1048576K
}
Event: 8,835 GC heap after
{Heap after GC invocations=7 (full 1):
 def new generation   total 6848K, used 507K [0x00000000ea000000, 0x00000000ea760000, 0x00000000f1550000)
  eden space 6144K,   0% used [0x00000000ea000000, 0x00000000ea000000, 0x00000000ea600000)
  from space 704K,  72% used [0x00000000ea6b0000, 0x00000000ea72ef30, 0x00000000ea760000)
  to   space 704K,   0% used [0x00000000ea600000, 0x00000000ea600000, 0x00000000ea6b0000)
 tenured generation   total 15040K, used 7926K [0x00000000f1550000, 0x00000000f2400000, 0x0000000100000000)
   the space 15040K,  52% used [0x00000000f1550000, 0x00000000f1d0da40, 0x00000000f1d0dc00, 0x00000000f2400000)
 Metaspace       used 29206K, capacity 29814K, committed 30336K, reserved 1077248K
  class space    used 3030K, capacity 3334K, committed 3456K, reserved 1048576K
}
Event: 9,549 GC heap before
{Heap before GC invocations=7 (full 1):
 def new generation   total 6848K, used 6651K [0x00000000ea000000, 0x00000000ea760000, 0x00000000f1550000)
  eden space 6144K, 100% used [0x00000000ea000000, 0x00000000ea600000, 0x00000000ea600000)
  from space 704K,  72% used [0x00000000ea6b0000, 0x00000000ea72ef30, 0x00000000ea760000)
  to   space 704K,   0% used [0x00000000ea600000, 0x00000000ea600000, 0x00000000ea6b0000)
 tenured generation   total 15040K, used 7926K [0x00000000f1550000, 0x00000000f2400000, 0x0000000100000000)
   the space 15040K,  52% used [0x00000000f1550000, 0x00000000f1d0da40, 0x00000000f1d0dc00, 0x00000000f2400000)
 Metaspace       used 30718K, capacity 31334K, committed 31744K, reserved 1077248K
  class space    used 3166K, capacity 3471K, committed 3584K, reserved 1048576K
}
Event: 9,560 GC heap after
{Heap after GC invocations=8 (full 1):
 def new generation   total 6848K, used 502K [0x00000000ea000000, 0x00000000ea760000, 0x00000000f1550000)
  eden space 6144K,   0% used [0x00000000ea000000, 0x00000000ea000000, 0x00000000ea600000)
  from space 704K,  71% used [0x00000000ea600000, 0x00000000ea67db10, 0x00000000ea6b0000)
  to   space 704K,   0% used [0x00000000ea6b0000, 0x00000000ea6b0000, 0x00000000ea760000)
 tenured generation   total 15040K, used 8328K [0x00000000f1550000, 0x00000000f2400000, 0x0000000100000000)
   the space 15040K,  55% used [0x00000000f1550000, 0x00000000f1d72398, 0x00000000f1d72400, 0x00000000f2400000)
 Metaspace       used 30718K, capacity 31334K, committed 31744K, reserved 1077248K
  class space    used 3166K, capacity 3471K, committed 3584K, reserved 1048576K
}
Event: 10,553 GC heap before
{Heap before GC invocations=8 (full 1):
 def new generation   total 6848K, used 6646K [0x00000000ea000000, 0x00000000ea760000, 0x00000000f1550000)
  eden space 6144K, 100% used [0x00000000ea000000, 0x00000000ea600000, 0x00000000ea600000)
  from space 704K,  71% used [0x00000000ea600000, 0x00000000ea67db10, 0x00000000ea6b0000)
  to   space 704K,   0% used [0x00000000ea6b0000, 0x00000000ea6b0000, 0x00000000ea760000)
 tenured generation   total 15040K, used 8328K [0x00000000f1550000, 0x00000000f2400000, 0x0000000100000000)
   the space 15040K,  55% used [0x00000000f1550000, 0x00000000f1d72398, 0x00000000f1d72400, 0x00000000f2400000)
 Metaspace       used 32485K, capacity 33128K, committed 33664K, reserved 1079296K
  class space    used 3342K, capacity 3663K, committed 3712K, reserved 1048576K
}
Event: 10,562 GC heap after
{Heap after GC invocations=9 (full 1):
 def new generation   total 6848K, used 700K [0x00000000ea000000, 0x00000000ea760000, 0x00000000f1550000)
  eden space 6144K,   0% used [0x00000000ea000000, 0x00000000ea000000, 0x00000000ea600000)
  from space 704K,  99% used [0x00000000ea6b0000, 0x00000000ea75f280, 0x00000000ea760000)
  to   space 704K,   0% used [0x00000000ea600000, 0x00000000ea600000, 0x00000000ea6b0000)
 tenured generation   total 15040K, used 8806K [0x00000000f1550000, 0x00000000f2400000, 0x0000000100000000)
   the space 15040K,  58% used [0x00000000f1550000, 0x00000000f1de9838, 0x00000000f1de9a00, 0x00000000f2400000)
 Metaspace       used 32485K, capacity 33128K, committed 33664K, reserved 1079296K
  class space    used 3342K, capacity 3663K, committed 3712K, reserved 1048576K
}
Event: 10,784 GC heap before
{Heap before GC invocations=9 (full 1):
 def new generation   total 6848K, used 6844K [0x00000000ea000000, 0x00000000ea760000, 0x00000000f1550000)
  eden space 6144K, 100% used [0x00000000ea000000, 0x00000000ea600000, 0x00000000ea600000)
  from space 704K,  99% used [0x00000000ea6b0000, 0x00000000ea75f280, 0x00000000ea760000)
  to   space 704K,   0% used [0x00000000ea600000, 0x00000000ea600000, 0x00000000ea6b0000)
 tenured generation   total 15040K, used 8806K [0x00000000f1550000, 0x00000000f2400000, 0x0000000100000000)
   the space 15040K,  58% used [0x00000000f1550000, 0x00000000f1de9838, 0x00000000f1de9a00, 0x00000000f2400000)
 Metaspace       used 32587K, capacity 33192K, committed 33664K, reserved 1079296K
  class space    used 3347K, capacity 3663K, committed 3712K, reserved 1048576K
}
Event: 10,796 GC heap after
{Heap after GC invocations=10 (full 1):
 def new generation   total 6848K, used 460K [0x00000000ea000000, 0x00000000ea760000, 0x00000000f1550000)
  eden space 6144K,   0% used [0x00000000ea000000, 0x00000000ea000000, 0x00000000ea600000)
  from space 704K,  65% used [0x00000000ea600000, 0x00000000ea673068, 0x00000000ea6b0000)
  to   space 704K,   0% used [0x00000000ea6b0000, 0x00000000ea6b0000, 0x00000000ea760000)
 tenured generation   total 15040K, used 12574K [0x00000000f1550000, 0x00000000f2400000, 0x0000000100000000)
   the space 15040K,  83% used [0x00000000f1550000, 0x00000000f2197ba0, 0x00000000f2197c00, 0x00000000f2400000)
 Metaspace       used 32587K, capacity 33192K, committed 33664K, reserved 1079296K
  class space    used 3347K, capacity 3663K, committed 3712K, reserved 1048576K
}
Event: 10,914 GC heap before
{Heap before GC invocations=10 (full 1):
 def new generation   total 6848K, used 6604K [0x00000000ea000000, 0x00000000ea760000, 0x00000000f1550000)
  eden space 6144K, 100% used [0x00000000ea000000, 0x00000000ea600000, 0x00000000ea600000)
  from space 704K,  65% used [0x00000000ea600000, 0x00000000ea673068, 0x00000000ea6b0000)
  to   space 704K,   0% used [0x00000000ea6b0000, 0x00000000ea6b0000, 0x00000000ea760000)
 tenured generation   total 15040K, used 12574K [0x00000000f1550000, 0x00000000f2400000, 0x0000000100000000)
   the space 15040K,  83% used [0x00000000f1550000, 0x00000000f2197ba0, 0x00000000f2197c00, 0x00000000f2400000)
 Metaspace       used 32670K, capacity 33320K, committed 33664K, reserved 1079296K
  class space    used 3355K, capacity 3663K, committed 3712K, reserved 1048576K
}
Event: 10,988 GC heap after
{Heap after GC invocations=11 (full 2):
 def new generation   total 9792K, used 0K [0x00000000ea000000, 0x00000000eaaa0000, 0x00000000f1550000)
  eden space 8704K,   0% used [0x00000000ea000000, 0x00000000ea000000, 0x00000000ea880000)
  from space 1088K,   0% used [0x00000000ea880000, 0x00000000ea880000, 0x00000000ea990000)
  to   space 1088K,   0% used [0x00000000ea990000, 0x00000000ea990000, 0x00000000eaaa0000)
 tenured generation   total 21504K, used 12900K [0x00000000f1550000, 0x00000000f2a50000, 0x0000000100000000)
   the space 21504K,  59% used [0x00000000f1550000, 0x00000000f21e92b0, 0x00000000f21e9400, 0x00000000f2a50000)
 Metaspace       used 32670K, capacity 33320K, committed 33664K, reserved 1079296K
  class space    used 3355K, capacity 3663K, committed 3712K, reserved 1048576K
}

