# JRE version: OpenJDK Runtime Environment (10.0.1+10) (build 10.0.1+10-Ubuntu-3ubuntu1)
# Java VM: OpenJDK 64-Bit Server VM (10.0.1+10-Ubuntu-3ubuntu1, mixed mode, tiered, compressed oops, serial gc, linux-amd64)
Heap:
 def new generation   total 9728K, used 6865K [0x00000000ea000000, 0x00000000eaa80000, 0x00000000f1550000)
  eden space 8704K,  78% used [0x00000000ea000000, 0x00000000ea6b47c0, 0x00000000ea880000)
  from space 1024K,   0% used [0x00000000ea880000, 0x00000000ea880000, 0x00000000ea980000)
  to   space 1024K,   0% used [0x00000000ea980000, 0x00000000ea980000, 0x00000000eaa80000)
 tenured generation   total 21260K, used 12754K [0x00000000f1550000, 0x00000000f2a13000, 0x0000000100000000)
   the space 21260K,  59% used [0x00000000f1550000, 0x00000000f21c4a00, 0x00000000f21c4a00, 0x00000000f2a13000)
 Metaspace       used 33542K, capacity 34147K, committed 34560K, reserved 1079296K
  class space    used 3432K, capacity 3726K, committed 3840K, reserved 1048576K
GC Heap History (10 events):
Event: 50,116 GC heap before
{Heap before GC invocations=6 (full 1):
 def new generation   total 6848K, used 6540K [0x00000000ea000000, 0x00000000ea760000, 0x00000000f1550000)
  eden space 6144K, 100% used [0x00000000ea000000, 0x00000000ea600000, 0x00000000ea600000)
  from space 704K,  56% used [0x00000000ea600000, 0x00000000ea663028, 0x00000000ea6b0000)
  to   space 704K,   0% used [0x00000000ea6b0000, 0x00000000ea6b0000, 0x00000000ea760000)
 tenured generation   total 15040K, used 7432K [0x00000000f1550000, 0x00000000f2400000, 0x0000000100000000)
   the space 15040K,  49% used [0x00000000f1550000, 0x00000000f1c921a8, 0x00000000f1c92200, 0x00000000f2400000)
 Metaspace       used 29283K, capacity 29893K, committed 30336K, reserved 1077248K
  class space    used 3047K, capacity 3360K, committed 3456K, reserved 1048576K
}
Event: 50,133 GC heap after
{Heap after GC invocations=7 (full 1):
 def new generation   total 6848K, used 553K [0x00000000ea000000, 0x00000000ea760000, 0x00000000f1550000)
  eden space 6144K,   0% used [0x00000000ea000000, 0x00000000ea000000, 0x00000000ea600000)
  from space 704K,  78% used [0x00000000ea6b0000, 0x00000000ea73a7c8, 0x00000000ea760000)
  to   space 704K,   0% used [0x00000000ea600000, 0x00000000ea600000, 0x00000000ea6b0000)
 tenured generation   total 15040K, used 7811K [0x00000000f1550000, 0x00000000f2400000, 0x0000000100000000)
   the space 15040K,  51% used [0x00000000f1550000, 0x00000000f1cf0e10, 0x00000000f1cf1000, 0x00000000f2400000)
 Metaspace       used 29283K, capacity 29893K, committed 30336K, reserved 1077248K
  class space    used 3047K, capacity 3360K, committed 3456K, reserved 1048576K
}
Event: 51,362 GC heap before
{Heap before GC invocations=7 (full 1):
 def new generation   total 6848K, used 6697K [0x00000000ea000000, 0x00000000ea760000, 0x00000000f1550000)
  eden space 6144K, 100% used [0x00000000ea000000, 0x00000000ea600000, 0x00000000ea600000)
  from space 704K,  78% used [0x00000000ea6b0000, 0x00000000ea73a7c8, 0x00000000ea760000)
  to   space 704K,   0% used [0x00000000ea600000, 0x00000000ea600000, 0x00000000ea6b0000)
 tenured generation   total 15040K, used 7811K [0x00000000f1550000, 0x00000000f2400000, 0x0000000100000000)
   the space 15040K,  51% used [0x00000000f1550000, 0x00000000f1cf0e10, 0x00000000f1cf1000, 0x00000000f2400000)
 Metaspace       used 31178K, capacity 31803K, committed 32256K, reserved 1077248K
  class space    used 3203K, capacity 3501K, committed 3584K, reserved 1048576K
}
Event: 51,374 GC heap after
{Heap after GC invocations=8 (full 1):
 def new generation   total 6848K, used 324K [0x00000000ea000000, 0x00000000ea760000, 0x00000000f1550000)
  eden space 6144K,   0% used [0x00000000ea000000, 0x00000000ea000000, 0x00000000ea600000)
  from space 704K,  46% used [0x00000000ea600000, 0x00000000ea651350, 0x00000000ea6b0000)
  to   space 704K,   0% used [0x00000000ea6b0000, 0x00000000ea6b0000, 0x00000000ea760000)
 tenured generation   total 15040K, used 8296K [0x00000000f1550000, 0x00000000f2400000, 0x0000000100000000)
   the space 15040K,  55% used [0x00000000f1550000, 0x00000000f1d6a170, 0x00000000f1d6a200, 0x00000000f2400000)
 Metaspace       used 31178K, capacity 31803K, committed 32256K, reserved 1077248K
  class space    used 3203K, capacity 3501K, committed 3584K, reserved 1048576K
}
Event: 52,221 GC heap before
{Heap before GC invocations=8 (full 1):
 def new generation   total 6848K, used 6468K [0x00000000ea000000, 0x00000000ea760000, 0x00000000f1550000)
  eden space 6144K,  99% used [0x00000000ea000000, 0x00000000ea5fff00, 0x00000000ea600000)
  from space 704K,  46% used [0x00000000ea600000, 0x00000000ea651350, 0x00000000ea6b0000)
  to   space 704K,   0% used [0x00000000ea6b0000, 0x00000000ea6b0000, 0x00000000ea760000)
 tenured generation   total 15040K, used 8296K [0x00000000f1550000, 0x00000000f2400000, 0x0000000100000000)
   the space 15040K,  55% used [0x00000000f1550000, 0x00000000f1d6a170, 0x00000000f1d6a200, 0x00000000f2400000)
 Metaspace       used 32916K, capacity 33533K, committed 33920K, reserved 1079296K
  class space    used 3381K, capacity 3693K, committed 3712K, reserved 1048576K
}
Event: 52,228 GC heap after
{Heap after GC invocations=9 (full 1):
 def new generation   total 6848K, used 703K [0x00000000ea000000, 0x00000000ea760000, 0x00000000f1550000)
  eden space 6144K,   0% used [0x00000000ea000000, 0x00000000ea000000, 0x00000000ea600000)
  from space 704K,  99% used [0x00000000ea6b0000, 0x00000000ea75fff8, 0x00000000ea760000)
  to   space 704K,   0% used [0x00000000ea600000, 0x00000000ea600000, 0x00000000ea6b0000)
 tenured generation   total 15040K, used 8628K [0x00000000f1550000, 0x00000000f2400000, 0x0000000100000000)
   the space 15040K,  57% used [0x00000000f1550000, 0x00000000f1dbd300, 0x00000000f1dbd400, 0x00000000f2400000)
 Metaspace       used 32916K, capacity 33533K, committed 33920K, reserved 1079296K
  class space    used 3381K, capacity 3693K, committed 3712K, reserved 1048576K
}
Event: 52,470 GC heap before
{Heap before GC invocations=9 (full 1):
 def new generation   total 6848K, used 6847K [0x00000000ea000000, 0x00000000ea760000, 0x00000000f1550000)
  eden space 6144K, 100% used [0x00000000ea000000, 0x00000000ea600000, 0x00000000ea600000)
  from space 704K,  99% used [0x00000000ea6b0000, 0x00000000ea75fff8, 0x00000000ea760000)
  to   space 704K,   0% used [0x00000000ea600000, 0x00000000ea600000, 0x00000000ea6b0000)
 tenured generation   total 15040K, used 8628K [0x00000000f1550000, 0x00000000f2400000, 0x0000000100000000)
   the space 15040K,  57% used [0x00000000f1550000, 0x00000000f1dbd300, 0x00000000f1dbd400, 0x00000000f2400000)
 Metaspace       used 32933K, capacity 33533K, committed 33920K, reserved 1079296K
  class space    used 3381K, capacity 3693K, committed 3712K, reserved 1048576K
}
Event: 52,482 GC heap after
{Heap after GC invocations=10 (full 1):
 def new generation   total 6848K, used 491K [0x00000000ea000000, 0x00000000ea760000, 0x00000000f1550000)
  eden space 6144K,   0% used [0x00000000ea000000, 0x00000000ea000000, 0x00000000ea600000)
  from space 704K,  69% used [0x00000000ea600000, 0x00000000ea67aec0, 0x00000000ea6b0000)
  to   space 704K,   0% used [0x00000000ea6b0000, 0x00000000ea6b0000, 0x00000000ea760000)
 tenured generation   total 15040K, used 12404K [0x00000000f1550000, 0x00000000f2400000, 0x0000000100000000)
   the space 15040K,  82% used [0x00000000f1550000, 0x00000000f216d0c0, 0x00000000f216d200, 0x00000000f2400000)
 Metaspace       used 32933K, capacity 33533K, committed 33920K, reserved 1079296K
  class space    used 3381K, capacity 3693K, committed 3712K, reserved 1048576K
}
Event: 52,595 GC heap before
{Heap before GC invocations=10 (full 1):
 def new generation   total 6848K, used 6634K [0x00000000ea000000, 0x00000000ea760000, 0x00000000f1550000)
  eden space 6144K,  99% used [0x00000000ea000000, 0x00000000ea5ffce8, 0x00000000ea600000)
  from space 704K,  69% used [0x00000000ea600000, 0x00000000ea67aec0, 0x00000000ea6b0000)
  to   space 704K,   0% used [0x00000000ea6b0000, 0x00000000ea6b0000, 0x00000000ea760000)
 tenured generation   total 15040K, used 12404K [0x00000000f1550000, 0x00000000f2400000, 0x0000000100000000)
   the space 15040K,  82% used [0x00000000f1550000, 0x00000000f216d0c0, 0x00000000f216d200, 0x00000000f2400000)
 Metaspace       used 33018K, capacity 33661K, committed 33920K, reserved 1079296K
  class space    used 3388K, capacity 3693K, committed 3712K, reserved 1048576K
}
Event: 52,660 GC heap after
{Heap after GC invocations=11 (full 2):
 def new generation   total 9728K, used 0K [0x00000000ea000000, 0x00000000eaa80000, 0x00000000f1550000)
  eden space 8704K,   0% used [0x00000000ea000000, 0x00000000ea000000, 0x00000000ea880000)
  from space 1024K,   0% used [0x00000000ea880000, 0x00000000ea880000, 0x00000000ea980000)
  to   space 1024K,   0% used [0x00000000ea980000, 0x00000000ea980000, 0x00000000eaa80000)
 tenured generation   total 21260K, used 12754K [0x00000000f1550000, 0x00000000f2a13000, 0x0000000100000000)
   the space 21260K,  59% used [0x00000000f1550000, 0x00000000f21c4a00, 0x00000000f21c4a00, 0x00000000f2a13000)
 Metaspace       used 33018K, capacity 33661K, committed 33920K, reserved 1079296K
  class space    used 3388K, capacity 3693K, committed 3712K, reserved 1048576K
}

